<?xml version="1.0" encoding="UTF-8"?>
<testsuite xmlns:xsi="http://www.w3.org/2001/XMLSchema-instance" xsi:noNamespaceSchemaLocation="https://maven.apache.org/surefire/maven-surefire-plugin/xsd/surefire-test-report.xsd" name="in.ac.iitd.db362.query.MyNewOptimzerTest" time="4.74" tests="1" errors="1" skipped="0" failures="0">
  <properties>
    <property name="java.specification.version" value="23"/>
    <property name="sun.jnu.encoding" value="UTF-8"/>
    <property name="java.class.path" value="/Users/rajarsheedas/Acads/SEM 6/Dabba/A45/target/test-classes:/Users/rajarsheedas/Acads/SEM 6/Dabba/A45/target/classes:/Users/rajarsheedas/.m2/repository/it/unimi/dsi/fastutil/8.5.9/fastutil-8.5.9.jar:/Users/rajarsheedas/.m2/repository/org/junit/jupiter/junit-jupiter-api/5.8.2/junit-jupiter-api-5.8.2.jar:/Users/rajarsheedas/.m2/repository/org/opentest4j/opentest4j/1.2.0/opentest4j-1.2.0.jar:/Users/rajarsheedas/.m2/repository/org/junit/platform/junit-platform-commons/1.8.2/junit-platform-commons-1.8.2.jar:/Users/rajarsheedas/.m2/repository/org/apiguardian/apiguardian-api/1.1.2/apiguardian-api-1.1.2.jar:/Users/rajarsheedas/.m2/repository/org/junit/jupiter/junit-jupiter-engine/5.8.2/junit-jupiter-engine-5.8.2.jar:/Users/rajarsheedas/.m2/repository/org/junit/platform/junit-platform-engine/1.8.2/junit-platform-engine-1.8.2.jar:/Users/rajarsheedas/.m2/repository/org/apache/logging/log4j/log4j-api/2.20.0/log4j-api-2.20.0.jar:/Users/rajarsheedas/.m2/repository/org/apache/logging/log4j/log4j-core/2.20.0/log4j-core-2.20.0.jar:/Users/rajarsheedas/.m2/repository/junit/junit/4.13.2/junit-4.13.2.jar:/Users/rajarsheedas/.m2/repository/org/hamcrest/hamcrest-core/1.3/hamcrest-core-1.3.jar:"/>
    <property name="java.vm.vendor" value="Homebrew"/>
    <property name="sun.arch.data.model" value="64"/>
    <property name="java.vendor.url" value="https://github.com/Homebrew/homebrew-core/issues"/>
    <property name="os.name" value="Mac OS X"/>
    <property name="java.vm.specification.version" value="23"/>
    <property name="sun.java.launcher" value="SUN_STANDARD"/>
    <property name="user.country" value="US"/>
    <property name="sun.boot.library.path" value="/opt/homebrew/Cellar/openjdk/23.0.2/libexec/openjdk.jdk/Contents/Home/lib"/>
    <property name="sun.java.command" value="/Users/rajarsheedas/Acads/SEM 6/Dabba/A45/target/surefire/surefirebooter9737785500353618842.jar /Users/rajarsheedas/Acads/SEM 6/Dabba/A45/target/surefire 2025-04-26T16-28-08_313-jvmRun1 surefire17983517685478961188tmp surefire_04450178455950343578tmp"/>
    <property name="http.nonProxyHosts" value="local|*.local|169.254/16|*.169.254/16"/>
    <property name="jdk.debug" value="release"/>
    <property name="surefire.test.class.path" value="/Users/rajarsheedas/Acads/SEM 6/Dabba/A45/target/test-classes:/Users/rajarsheedas/Acads/SEM 6/Dabba/A45/target/classes:/Users/rajarsheedas/.m2/repository/it/unimi/dsi/fastutil/8.5.9/fastutil-8.5.9.jar:/Users/rajarsheedas/.m2/repository/org/junit/jupiter/junit-jupiter-api/5.8.2/junit-jupiter-api-5.8.2.jar:/Users/rajarsheedas/.m2/repository/org/opentest4j/opentest4j/1.2.0/opentest4j-1.2.0.jar:/Users/rajarsheedas/.m2/repository/org/junit/platform/junit-platform-commons/1.8.2/junit-platform-commons-1.8.2.jar:/Users/rajarsheedas/.m2/repository/org/apiguardian/apiguardian-api/1.1.2/apiguardian-api-1.1.2.jar:/Users/rajarsheedas/.m2/repository/org/junit/jupiter/junit-jupiter-engine/5.8.2/junit-jupiter-engine-5.8.2.jar:/Users/rajarsheedas/.m2/repository/org/junit/platform/junit-platform-engine/1.8.2/junit-platform-engine-1.8.2.jar:/Users/rajarsheedas/.m2/repository/org/apache/logging/log4j/log4j-api/2.20.0/log4j-api-2.20.0.jar:/Users/rajarsheedas/.m2/repository/org/apache/logging/log4j/log4j-core/2.20.0/log4j-core-2.20.0.jar:/Users/rajarsheedas/.m2/repository/junit/junit/4.13.2/junit-4.13.2.jar:/Users/rajarsheedas/.m2/repository/org/hamcrest/hamcrest-core/1.3/hamcrest-core-1.3.jar:"/>
    <property name="sun.cpu.endian" value="little"/>
    <property name="user.home" value="/Users/rajarsheedas"/>
    <property name="user.language" value="en"/>
    <property name="java.specification.vendor" value="Oracle Corporation"/>
    <property name="java.version.date" value="2025-01-21"/>
    <property name="java.home" value="/opt/homebrew/Cellar/openjdk/23.0.2/libexec/openjdk.jdk/Contents/Home"/>
    <property name="file.separator" value="/"/>
    <property name="basedir" value="/Users/rajarsheedas/Acads/SEM 6/Dabba/A45"/>
    <property name="java.vm.compressedOopsMode" value="Zero based"/>
    <property name="line.separator" value="&#10;"/>
    <property name="java.vm.specification.vendor" value="Oracle Corporation"/>
    <property name="java.specification.name" value="Java Platform API Specification"/>
    <property name="apple.awt.application.name" value="ForkedBooter"/>
    <property name="surefire.real.class.path" value="/Users/rajarsheedas/Acads/SEM 6/Dabba/A45/target/surefire/surefirebooter9737785500353618842.jar"/>
    <property name="sun.management.compiler" value="HotSpot 64-Bit Tiered Compilers"/>
    <property name="ftp.nonProxyHosts" value="local|*.local|169.254/16|*.169.254/16"/>
    <property name="java.runtime.version" value="23.0.2"/>
    <property name="user.name" value="rajarsheedas"/>
    <property name="stdout.encoding" value="UTF-8"/>
    <property name="path.separator" value=":"/>
    <property name="os.version" value="15.4.1"/>
    <property name="java.runtime.name" value="OpenJDK Runtime Environment"/>
    <property name="file.encoding" value="UTF-8"/>
    <property name="java.vm.name" value="OpenJDK 64-Bit Server VM"/>
    <property name="java.vendor.version" value="Homebrew"/>
    <property name="localRepository" value="/Users/rajarsheedas/.m2/repository"/>
    <property name="java.vendor.url.bug" value="https://github.com/Homebrew/homebrew-core/issues"/>
    <property name="java.io.tmpdir" value="/var/folders/7m/xnd05n251r59819b59wnmbtm0000gn/T/"/>
    <property name="java.version" value="23.0.2"/>
    <property name="user.dir" value="/Users/rajarsheedas/Acads/SEM 6/Dabba/A45"/>
    <property name="os.arch" value="aarch64"/>
    <property name="java.vm.specification.name" value="Java Virtual Machine Specification"/>
    <property name="native.encoding" value="UTF-8"/>
    <property name="java.library.path" value="/Users/rajarsheedas/Library/Java/Extensions:/Library/Java/Extensions:/Network/Library/Java/Extensions:/System/Library/Java/Extensions:/usr/lib/java:."/>
    <property name="java.vm.info" value="mixed mode, sharing"/>
    <property name="stderr.encoding" value="UTF-8"/>
    <property name="java.vendor" value="Homebrew"/>
    <property name="java.vm.version" value="23.0.2"/>
    <property name="sun.io.unicode.encoding" value="UnicodeBig"/>
    <property name="socksNonProxyHosts" value="local|*.local|169.254/16|*.169.254/16"/>
    <property name="java.class.version" value="67.0"/>
  </properties>
  <testcase name="test1" classname="in.ac.iitd.db362.query.MyNewOptimzerTest" time="4.739">
    <error message="Cannot invoke &quot;java.util.Collection.size()&quot; because &quot;c&quot; is null" type="java.lang.NullPointerException">java.lang.NullPointerException: Cannot invoke "java.util.Collection.size()" because "c" is null
	at in.ac.iitd.db362.query.MyNewOptimzerTest.test1(MyNewOptimzerTest.java:119)
</error>
    <system-out><![CDATA[[main] INFO  in.ac.iitd.db362.storage.DataLoader - Created column statistics for c_customer_id of type integer
[main] INFO  in.ac.iitd.db362.storage.DataLoader - Created column statistics for c_name of type string
[main] INFO  in.ac.iitd.db362.storage.DataLoader - Created column statistics for c_age of type integer
[main] INFO  in.ac.iitd.db362.storage.DataLoader - Created table statistics for data/csvTables/largeCustomer.csv
[main] INFO  in.ac.iitd.db362.storage.DataLoader - Created column statistics for o_order_id of type integer
[main] INFO  in.ac.iitd.db362.storage.DataLoader - Created column statistics for o_customer_id of type integer
[main] INFO  in.ac.iitd.db362.storage.DataLoader - Created column statistics for o_product_id of type integer
[main] INFO  in.ac.iitd.db362.storage.DataLoader - Created table statistics for data/csvTables/largeOrders.csv
[main] INFO  in.ac.iitd.db362.storage.DataLoader - Created column statistics for p_product_id of type integer
[main] INFO  in.ac.iitd.db362.storage.DataLoader - Created column statistics for p_product_name of type string
[main] INFO  in.ac.iitd.db362.storage.DataLoader - Created column statistics for p_price of type double
[main] INFO  in.ac.iitd.db362.storage.DataLoader - Created table statistics for data/csvTables/largeProduct.csv
[main] INFO  in.ac.iitd.db362.optimizer.BasicOptimizer - Optimizing Plan:
Sink: data/output/test_customer_orders_product_join_with_price_filter_output_optimizer_with_join_optimization.csv
  Project: c_name, p_product_name
    Filter: ComparisonPredicate[leftOperand=p_price, operator='>', rightOperand=20]
      Filter: ComparisonPredicate[leftOperand=c_age, operator='>', rightOperand=30]
        Join: EqualityJoinPredicate[leftColumn='o_product_id', rightColumn='p_product_id']
          Join: EqualityJoinPredicate[leftColumn='o_customer_id', rightColumn='c_customer_id']
            Scan: data/csvTables/largeOrders.csv
            Scan: data/csvTables/largeCustomer.csv
          Scan: data/csvTables/largeProduct.csv

]]></system-out>
  </testcase>
</testsuite>